# JRE version: OpenJDK Runtime Environment Zulu15.36+13-CA (15.0.5+3) (build 15.0.5+3-MTS)
# Java VM: OpenJDK 64-Bit Server VM Zulu15.36+13-CA (15.0.5+3-MTS, mixed mode, tiered, compressed oops, g1 gc, bsd-aarch64)
GC Precious Log:
 CPUs: 8 total, 8 available
 Memory: 16384M
 Large Page Support: Disabled
 NUMA Support: Disabled
 Compressed Oops: Enabled (Zero based)
 Heap Region Size: 1M
 Heap Min Capacity: 8M
 Heap Initial Capacity: 256M
 Heap Max Capacity: 512M
 Pre-touch: Disabled
 Parallel Workers: 8
 Concurrent Workers: 2
 Concurrent Refinement Workers: 8
 Periodic GC: Disabled
Heap:
 garbage-first heap   total 66560K, used 46711K [0x00000007a0000000, 0x00000007c0000000)
  region size 1024K, 29 young (29696K), 3 survivors (3072K)
 Metaspace       used 43715K, capacity 44210K, committed 44416K, reserved 1087488K
  class space    used 5503K, capacity 5654K, committed 5760K, reserved 1048576K
GC Heap History (20 events):
Event: 1.464 GC heap before
{Heap before GC invocations=2 (full 0):
 garbage-first heap   total 262144K, used 26882K [0x00000007a0000000, 0x00000007c0000000)
  region size 1024K, 18 young (18432K), 2 survivors (2048K)
 Metaspace       used 20719K, capacity 21066K, committed 21248K, reserved 1069056K
  class space    used 2318K, capacity 2434K, committed 2560K, reserved 1048576K
}
Event: 1.466 GC heap after
{Heap after GC invocations=3 (full 0):
 garbage-first heap   total 262144K, used 12288K [0x00000007a0000000, 0x00000007c0000000)
  region size 1024K, 2 young (2048K), 2 survivors (2048K)
 Metaspace       used 20719K, capacity 21066K, committed 21248K, reserved 1069056K
  class space    used 2318K, capacity 2434K, committed 2560K, reserved 1048576K
}
Event: 1.832 GC heap before
{Heap before GC invocations=4 (full 0):
 garbage-first heap   total 48128K, used 46080K [0x00000007a0000000, 0x00000007c0000000)
  region size 1024K, 36 young (36864K), 2 survivors (2048K)
 Metaspace       used 27192K, capacity 27613K, committed 27776K, reserved 1073152K
  class space    used 3253K, capacity 3398K, committed 3456K, reserved 1048576K
}
Event: 1.850 GC heap after
{Heap after GC invocations=5 (full 0):
 garbage-first heap   total 52224K, used 14188K [0x00000007a0000000, 0x00000007c0000000)
  region size 1024K, 4 young (4096K), 4 survivors (4096K)
 Metaspace       used 27192K, capacity 27613K, committed 27776K, reserved 1073152K
  class space    used 3253K, capacity 3398K, committed 3456K, reserved 1048576K
}
Event: 1.960 GC heap before
{Heap before GC invocations=5 (full 0):
 garbage-first heap   total 52224K, used 33644K [0x00000007a0000000, 0x00000007c0000000)
  region size 1024K, 23 young (23552K), 4 survivors (4096K)
 Metaspace       used 29554K, capacity 29999K, committed 30208K, reserved 1075200K
  class space    used 3639K, capacity 3785K, committed 3840K, reserved 1048576K
}
Event: 1.966 GC heap after
{Heap after GC invocations=6 (full 0):
 garbage-first heap   total 52224K, used 15281K [0x00000007a0000000, 0x00000007c0000000)
  region size 1024K, 2 young (2048K), 2 survivors (2048K)
 Metaspace       used 29554K, capacity 29999K, committed 30208K, reserved 1075200K
  class space    used 3639K, capacity 3785K, committed 3840K, reserved 1048576K
}
Event: 2.050 GC heap before
{Heap before GC invocations=6 (full 0):
 garbage-first heap   total 52224K, used 33713K [0x00000007a0000000, 0x00000007c0000000)
  region size 1024K, 21 young (21504K), 2 survivors (2048K)
 Metaspace       used 32121K, capacity 32596K, committed 32768K, reserved 1077248K
  class space    used 3911K, capacity 4052K, committed 4096K, reserved 1048576K
}
Event: 2.057 GC heap after
{Heap after GC invocations=7 (full 0):
 garbage-first heap   total 52224K, used 16001K [0x00000007a0000000, 0x00000007c0000000)
  region size 1024K, 2 young (2048K), 2 survivors (2048K)
 Metaspace       used 32121K, capacity 32596K, committed 32768K, reserved 1077248K
  class space    used 3911K, capacity 4052K, committed 4096K, reserved 1048576K
}
Event: 2.406 GC heap before
{Heap before GC invocations=7 (full 0):
 garbage-first heap   total 52224K, used 35457K [0x00000007a0000000, 0x00000007c0000000)
  region size 1024K, 22 young (22528K), 2 survivors (2048K)
 Metaspace       used 34572K, capacity 35040K, committed 35200K, reserved 1079296K
  class space    used 4205K, capacity 4376K, committed 4480K, reserved 1048576K
}
Event: 2.409 GC heap after
{Heap after GC invocations=8 (full 0):
 garbage-first heap   total 52224K, used 16939K [0x00000007a0000000, 0x00000007c0000000)
  region size 1024K, 2 young (2048K), 2 survivors (2048K)
 Metaspace       used 34572K, capacity 35040K, committed 35200K, reserved 1079296K
  class space    used 4205K, capacity 4376K, committed 4480K, reserved 1048576K
}
Event: 2.525 GC heap before
{Heap before GC invocations=8 (full 0):
 garbage-first heap   total 52224K, used 33323K [0x00000007a0000000, 0x00000007c0000000)
  region size 1024K, 19 young (19456K), 2 survivors (2048K)
 Metaspace       used 35346K, capacity 35816K, committed 36096K, reserved 1081344K
  class space    used 4281K, capacity 4444K, committed 4480K, reserved 1048576K
}
Event: 2.527 GC heap after
{Heap after GC invocations=9 (full 0):
 garbage-first heap   total 52224K, used 18390K [0x00000007a0000000, 0x00000007c0000000)
  region size 1024K, 3 young (3072K), 3 survivors (3072K)
 Metaspace       used 35346K, capacity 35816K, committed 36096K, reserved 1081344K
  class space    used 4281K, capacity 4444K, committed 4480K, reserved 1048576K
}
Event: 2.532 GC heap before
{Heap before GC invocations=9 (full 0):
 garbage-first heap   total 52224K, used 36822K [0x00000007a0000000, 0x00000007c0000000)
  region size 1024K, 22 young (22528K), 3 survivors (3072K)
 Metaspace       used 35357K, capacity 35816K, committed 36096K, reserved 1081344K
  class space    used 4282K, capacity 4444K, committed 4480K, reserved 1048576K
}
Event: 2.534 GC heap after
{Heap after GC invocations=10 (full 0):
 garbage-first heap   total 52224K, used 18377K [0x00000007a0000000, 0x00000007c0000000)
  region size 1024K, 2 young (2048K), 2 survivors (2048K)
 Metaspace       used 35357K, capacity 35816K, committed 36096K, reserved 1081344K
  class space    used 4282K, capacity 4444K, committed 4480K, reserved 1048576K
}
Event: 2.555 GC heap before
{Heap before GC invocations=11 (full 0):
 garbage-first heap   total 66560K, used 37833K [0x00000007a0000000, 0x00000007c0000000)
  region size 1024K, 22 young (22528K), 2 survivors (2048K)
 Metaspace       used 35741K, capacity 36168K, committed 36352K, reserved 1081344K
  class space    used 4316K, capacity 4476K, committed 4480K, reserved 1048576K
}
Event: 2.556 GC heap after
{Heap after GC invocations=12 (full 0):
 garbage-first heap   total 66560K, used 18380K [0x00000007a0000000, 0x00000007c0000000)
  region size 1024K, 2 young (2048K), 2 survivors (2048K)
 Metaspace       used 35741K, capacity 36168K, committed 36352K, reserved 1081344K
  class space    used 4316K, capacity 4476K, committed 4480K, reserved 1048576K
}
Event: 2.805 GC heap before
{Heap before GC invocations=12 (full 0):
 garbage-first heap   total 66560K, used 51148K [0x00000007a0000000, 0x00000007c0000000)
  region size 1024K, 34 young (34816K), 2 survivors (2048K)
 Metaspace       used 38534K, capacity 39011K, committed 39296K, reserved 1083392K
  class space    used 4747K, capacity 4907K, committed 4992K, reserved 1048576K
}
Event: 2.807 GC heap after
{Heap after GC invocations=13 (full 0):
 garbage-first heap   total 66560K, used 19949K [0x00000007a0000000, 0x00000007c0000000)
  region size 1024K, 3 young (3072K), 3 survivors (3072K)
 Metaspace       used 38534K, capacity 39011K, committed 39296K, reserved 1083392K
  class space    used 4747K, capacity 4907K, committed 4992K, reserved 1048576K
}
Event: 2.997 GC heap before
{Heap before GC invocations=13 (full 0):
 garbage-first heap   total 66560K, used 51693K [0x00000007a0000000, 0x00000007c0000000)
  region size 1024K, 34 young (34816K), 3 survivors (3072K)
 Metaspace       used 41295K, capacity 41791K, committed 41984K, reserved 1085440K
  class space    used 5194K, capacity 5362K, committed 5376K, reserved 1048576K
}
Event: 2.999 GC heap after
{Heap after GC invocations=14 (full 0):
 garbage-first heap   total 66560K, used 21111K [0x00000007a0000000, 0x00000007c0000000)
  region size 1024K, 3 young (3072K), 3 survivors (3072K)
 Metaspace       used 41295K, capacity 41791K, committed 41984K, reserved 1085440K
  class space    used 5194K, capacity 5362K, committed 5376K, reserved 1048576K
}

