# JRE version: OpenJDK Runtime Environment Zulu15.36+13-CA (15.0.5+3) (build 15.0.5+3-MTS)
# Java VM: OpenJDK 64-Bit Server VM Zulu15.36+13-CA (15.0.5+3-MTS, mixed mode, tiered, compressed oops, g1 gc, bsd-aarch64)
GC Precious Log:
 CPUs: 8 total, 8 available
 Memory: 16384M
 Large Page Support: Disabled
 NUMA Support: Disabled
 Compressed Oops: Enabled (Zero based)
 Heap Region Size: 2M
 Heap Min Capacity: 8M
 Heap Initial Capacity: 256M
 Heap Max Capacity: 4G
 Pre-touch: Disabled
 Parallel Workers: 8
 Concurrent Workers: 2
 Concurrent Refinement Workers: 8
 Periodic GC: Disabled
Heap:
 garbage-first heap   total 86016K, used 58341K [0x00000006c0000000, 0x00000007c0000000)
  region size 2048K, 21 young (43008K), 3 survivors (6144K)
 Metaspace       used 64726K, capacity 65304K, committed 65520K, reserved 1105920K
  class space    used 8276K, capacity 8473K, committed 8512K, reserved 1048576K
GC Heap History (20 events):
Event: 0.598 GC heap before
{Heap before GC invocations=2 (full 0):
 garbage-first heap   total 262144K, used 23442K [0x00000006c0000000, 0x00000007c0000000)
  region size 2048K, 9 young (18432K), 1 survivors (2048K)
 Metaspace       used 20814K, capacity 21137K, committed 21296K, reserved 1069056K
  class space    used 2331K, capacity 2413K, committed 2432K, reserved 1048576K
}
Event: 0.599 GC heap after
{Heap after GC invocations=3 (full 0):
 garbage-first heap   total 262144K, used 9668K [0x00000006c0000000, 0x00000007c0000000)
  region size 2048K, 2 young (4096K), 2 survivors (4096K)
 Metaspace       used 20814K, capacity 21137K, committed 21296K, reserved 1069056K
  class space    used 2331K, capacity 2413K, committed 2432K, reserved 1048576K
}
Event: 0.756 GC heap before
{Heap before GC invocations=4 (full 0):
 garbage-first heap   total 49152K, used 46532K [0x00000006c0000000, 0x00000007c0000000)
  region size 2048K, 20 young (40960K), 2 survivors (4096K)
 Metaspace       used 27191K, capacity 27598K, committed 27824K, reserved 1073152K
  class space    used 3140K, capacity 3260K, committed 3328K, reserved 1048576K
}
Event: 0.759 GC heap after
{Heap after GC invocations=5 (full 0):
 garbage-first heap   total 55296K, used 11611K [0x00000006c0000000, 0x00000007c0000000)
  region size 2048K, 3 young (6144K), 3 survivors (6144K)
 Metaspace       used 27191K, capacity 27598K, committed 27824K, reserved 1073152K
  class space    used 3140K, capacity 3260K, committed 3328K, reserved 1048576K
}
Event: 0.863 GC heap before
{Heap before GC invocations=5 (full 0):
 garbage-first heap   total 55296K, used 32091K [0x00000006c0000000, 0x00000007c0000000)
  region size 2048K, 14 young (28672K), 3 survivors (6144K)
 Metaspace       used 28511K, capacity 28866K, committed 28976K, reserved 1075200K
  class space    used 3291K, capacity 3428K, committed 3456K, reserved 1048576K
}
Event: 0.866 GC heap after
{Heap after GC invocations=6 (full 0):
 garbage-first heap   total 55296K, used 13095K [0x00000006c0000000, 0x00000007c0000000)
  region size 2048K, 2 young (4096K), 2 survivors (4096K)
 Metaspace       used 28511K, capacity 28866K, committed 28976K, reserved 1075200K
  class space    used 3291K, capacity 3428K, committed 3456K, reserved 1048576K
}
Event: 0.870 GC heap before
{Heap before GC invocations=6 (full 0):
 garbage-first heap   total 55296K, used 33575K [0x00000006c0000000, 0x00000007c0000000)
  region size 2048K, 13 young (26624K), 2 survivors (4096K)
 Metaspace       used 28713K, capacity 29058K, committed 29232K, reserved 1075200K
  class space    used 3297K, capacity 3428K, committed 3456K, reserved 1048576K
}
Event: 0.872 GC heap after
{Heap after GC invocations=7 (full 0):
 garbage-first heap   total 159744K, used 13225K [0x00000006c0000000, 0x00000007c0000000)
  region size 2048K, 1 young (2048K), 1 survivors (2048K)
 Metaspace       used 28713K, capacity 29058K, committed 29232K, reserved 1075200K
  class space    used 3297K, capacity 3428K, committed 3456K, reserved 1048576K
}
Event: 1.281 GC heap before
{Heap before GC invocations=7 (full 0):
 garbage-first heap   total 159744K, used 86953K [0x00000006c0000000, 0x00000007c0000000)
  region size 2048K, 39 young (79872K), 1 survivors (2048K)
 Metaspace       used 35164K, capacity 35565K, committed 35632K, reserved 1081344K
  class space    used 4269K, capacity 4417K, committed 4480K, reserved 1048576K
}
Event: 1.285 GC heap after
{Heap after GC invocations=8 (full 0):
 garbage-first heap   total 159744K, used 15923K [0x00000006c0000000, 0x00000007c0000000)
  region size 2048K, 3 young (6144K), 3 survivors (6144K)
 Metaspace       used 35164K, capacity 35565K, committed 35632K, reserved 1081344K
  class space    used 4269K, capacity 4417K, committed 4480K, reserved 1048576K
}
Event: 1.552 GC heap before
{Heap before GC invocations=9 (full 0):
 garbage-first heap   total 69632K, used 50739K [0x00000006c0000000, 0x00000007c0000000)
  region size 2048K, 20 young (40960K), 3 survivors (6144K)
 Metaspace       used 39561K, capacity 40039K, committed 40368K, reserved 1085440K
  class space    used 4869K, capacity 5015K, committed 5120K, reserved 1048576K
}
Event: 1.557 GC heap after
{Heap after GC invocations=10 (full 0):
 garbage-first heap   total 69632K, used 18138K [0x00000006c0000000, 0x00000007c0000000)
  region size 2048K, 3 young (6144K), 3 survivors (6144K)
 Metaspace       used 39561K, capacity 40039K, committed 40368K, reserved 1085440K
  class space    used 4869K, capacity 5015K, committed 5120K, reserved 1048576K
}
Event: 1.717 GC heap before
{Heap before GC invocations=10 (full 0):
 garbage-first heap   total 69632K, used 48858K [0x00000006c0000000, 0x00000007c0000000)
  region size 2048K, 19 young (38912K), 3 survivors (6144K)
 Metaspace       used 43245K, capacity 43698K, committed 43824K, reserved 1087488K
  class space    used 5297K, capacity 5466K, committed 5504K, reserved 1048576K
}
Event: 1.724 GC heap after
{Heap after GC invocations=11 (full 0):
 garbage-first heap   total 69632K, used 20461K [0x00000006c0000000, 0x00000007c0000000)
  region size 2048K, 3 young (6144K), 3 survivors (6144K)
 Metaspace       used 43245K, capacity 43698K, committed 43824K, reserved 1087488K
  class space    used 5297K, capacity 5466K, committed 5504K, reserved 1048576K
}
Event: 1.729 GC heap before
{Heap before GC invocations=11 (full 0):
 garbage-first heap   total 69632K, used 49133K [0x00000006c0000000, 0x00000007c0000000)
  region size 2048K, 18 young (36864K), 3 survivors (6144K)
 Metaspace       used 43255K, capacity 43698K, committed 43824K, reserved 1087488K
  class space    used 5297K, capacity 5466K, committed 5504K, reserved 1048576K
}
Event: 1.734 GC heap after
{Heap after GC invocations=12 (full 0):
 garbage-first heap   total 86016K, used 20097K [0x00000006c0000000, 0x00000007c0000000)
  region size 2048K, 1 young (2048K), 1 survivors (2048K)
 Metaspace       used 43255K, capacity 43698K, committed 43824K, reserved 1087488K
  class space    used 5297K, capacity 5466K, committed 5504K, reserved 1048576K
}
Event: 2.032 GC heap before
{Heap before GC invocations=12 (full 0):
 garbage-first heap   total 86016K, used 65153K [0x00000006c0000000, 0x00000007c0000000)
  region size 2048K, 23 young (47104K), 1 survivors (2048K)
 Metaspace       used 49876K, capacity 50384K, committed 50480K, reserved 1093632K
  class space    used 6333K, capacity 6498K, committed 6528K, reserved 1048576K
}
Event: 2.035 GC heap after
{Heap after GC invocations=13 (full 0):
 garbage-first heap   total 86016K, used 22478K [0x00000006c0000000, 0x00000007c0000000)
  region size 2048K, 3 young (6144K), 3 survivors (6144K)
 Metaspace       used 49876K, capacity 50384K, committed 50480K, reserved 1093632K
  class space    used 6333K, capacity 6498K, committed 6528K, reserved 1048576K
}
Event: 2.353 GC heap before
{Heap before GC invocations=13 (full 0):
 garbage-first heap   total 86016K, used 47054K [0x00000006c0000000, 0x00000007c0000000)
  region size 2048K, 16 young (32768K), 3 survivors (6144K)
 Metaspace       used 59315K, capacity 59787K, committed 59824K, reserved 1101824K
  class space    used 7471K, capacity 7664K, committed 7680K, reserved 1048576K
}
Event: 2.357 GC heap after
{Heap after GC invocations=14 (full 0):
 garbage-first heap   total 86016K, used 25573K [0x00000006c0000000, 0x00000007c0000000)
  region size 2048K, 3 young (6144K), 3 survivors (6144K)
 Metaspace       used 59315K, capacity 59787K, committed 59824K, reserved 1101824K
  class space    used 7471K, capacity 7664K, committed 7680K, reserved 1048576K
}

